0 info it worked if it ends with ok
1 verbose cli [ 'C:\\Program Files\\nodejs\\node.exe',
1 verbose cli   'C:\\Program Files\\nodejs\\node_modules\\npm\\bin\\npm-cli.js',
1 verbose cli   'run',
1 verbose cli   'test' ]
2 info using npm@3.10.10
3 info using node@v6.9.5
4 verbose run-script [ 'pretest', 'test', 'posttest' ]
5 info lifecycle prod@1.0.0~pretest: prod@1.0.0
6 silly lifecycle prod@1.0.0~pretest: no script for pretest, continuing
7 info lifecycle prod@1.0.0~test: prod@1.0.0
8 verbose lifecycle prod@1.0.0~test: unsafe-perm in lifecycle true
9 verbose lifecycle prod@1.0.0~test: PATH: C:\Program Files\nodejs\node_modules\npm\bin\node-gyp-bin;C:\Users\marko.krkeljas\Desktop\workspace\mongodb\prod\users\node_modules\.bin;C:\Program Files\Haskell\bin;C:\Program Files\Haskell Platform\8.0.1\lib\extralibs\bin;C:\Program Files\Haskell Platform\8.0.1\bin;C:\ProgramData\Oracle\Java\javapath;C:\Program Files (x86)\Intel\iCLS Client\;C:\Program Files\Intel\iCLS Client\;C:\Windows\system32;C:\Windows;C:\Windows\System32\Wbem;C:\Windows\System32\WindowsPowerShell\v1.0\;C:\Program Files (x86)\Intel\Intel(R) Management Engine Components\DAL;C:\Program Files\Intel\Intel(R) Management Engine Components\DAL;C:\Program Files (x86)\Intel\Intel(R) Management Engine Components\IPT;C:\Program Files\Intel\Intel(R) Management Engine Components\IPT;c:\Program Files (x86)\ATI Technologies\ATI.ACE\Core-Static;C:\Program Files\Intel\WiFi\bin\;C:\Program Files\Common Files\Intel\WirelessCommon\;C:\Program Files (x86)\Microsoft SQL Server\Client SDK\ODBC\110\Tools\Binn\;C:\Program Files (x86)\Microsoft SQL Server\130\DTS\Binn\;C:\Program Files (x86)\Microsoft SQL Server\130\Tools\Binn\ManagementStudio\;C:\Program Files (x86)\Microsoft SQL Server\130\Tools\Binn\;C:\Program Files\010 Editor;C:\Program Files\Haskell Platform\8.0.1\mingw\bin;C:\Windows\system32\config\systemprofile\.dnx\bin;C:\Program Files\Microsoft DNX\Dnvm\;C:\Program Files\Microsoft SQL Server\130\Tools\Binn\;C:\Program Files\Git\cmd;C:\Program Files\nodejs\;C:\Go\bin;C:\Users\marko.krkeljas\AppData\Roaming\cabal\bin;C:\Users\marko.krkeljas\AppData\Roaming\local\bin;C:\Users\marko.krkeljas\AppData\Local\Continuum\Anaconda2;C:\Users\marko.krkeljas\AppData\Local\Continuum\Anaconda2\Scripts;C:\Users\marko.krkeljas\AppData\Local\Continuum\Anaconda2\Library\bin;C:\Program Files\Java\jre1.8.0_91\bin;C:\maven\apache-maven-3.3.9-bin\apache-maven-3.3.9\bin;C:\Go\bin;C:\NRG\SymDR;C:\Program Files (x86)\Graphviz2.38\bin;C:\spark\bin;C:\Program Files (x86)\Microsoft VS Code\bin;C:\Program Files\Heroku\bin;C:\Users\marko.krkeljas\AppData\Roaming\npm;C:\texlive\2016\bin\win32;C:\Program Files\MongoDB\Server\3.4\bin;
10 verbose lifecycle prod@1.0.0~test: CWD: C:\Users\marko.krkeljas\Desktop\workspace\mongodb\prod\users
11 silly lifecycle prod@1.0.0~test: Args: [ '/d /s /c', 'mocha' ]
12 silly lifecycle prod@1.0.0~test: Returned: code: 1  signal: null
13 info lifecycle prod@1.0.0~test: Failed to exec test script
14 verbose stack Error: prod@1.0.0 test: `mocha`
14 verbose stack Exit status 1
14 verbose stack     at EventEmitter.<anonymous> (C:\Program Files\nodejs\node_modules\npm\lib\utils\lifecycle.js:255:16)
14 verbose stack     at emitTwo (events.js:106:13)
14 verbose stack     at EventEmitter.emit (events.js:191:7)
14 verbose stack     at ChildProcess.<anonymous> (C:\Program Files\nodejs\node_modules\npm\lib\utils\spawn.js:40:14)
14 verbose stack     at emitTwo (events.js:106:13)
14 verbose stack     at ChildProcess.emit (events.js:191:7)
14 verbose stack     at maybeClose (internal/child_process.js:877:16)
14 verbose stack     at Process.ChildProcess._handle.onexit (internal/child_process.js:226:5)
15 verbose pkgid prod@1.0.0
16 verbose cwd C:\Users\marko.krkeljas\Desktop\workspace\mongodb\prod\users
17 error Windows_NT 6.3.9600
18 error argv "C:\\Program Files\\nodejs\\node.exe" "C:\\Program Files\\nodejs\\node_modules\\npm\\bin\\npm-cli.js" "run" "test"
19 error node v6.9.5
20 error npm  v3.10.10
21 error code ELIFECYCLE
22 error prod@1.0.0 test: `mocha`
22 error Exit status 1
23 error Failed at the prod@1.0.0 test script 'mocha'.
23 error Make sure you have the latest version of node.js and npm installed.
23 error If you do, this is most likely a problem with the prod package,
23 error not with npm itself.
23 error Tell the author that this fails on your system:
23 error     mocha
23 error You can get information on how to open an issue for this project with:
23 error     npm bugs prod
23 error Or if that isn't available, you can get their info via:
23 error     npm owner ls prod
23 error There is likely additional logging output above.
24 verbose exit [ 1, true ]
